Vivado Simulator v2024.2.0
Copyright 1986-2022 Xilinx, Inc. All Rights Reserved.
Copyright 2022-2024 Advanced Micro Devices, Inc. All Rights Reserved.
Running: C:/Xilinx/Vivado/2024.2/bin/unwrapped/win64.o/xelab.exe -debug typical --timescale 1ns/1ps -top artifact_reduction_tb -snapshot artifact_reduction_tb -log C:\Users\sanat\AI_Accelerator_Project\Github\AI-Inference-Accelerator-SoC\Images\logs\reduction_elab.log 
Multi-threading is on. Using 14 slave threads.
Starting static elaboration
Pass Through NonSizing Optimizer
Completed static elaboration
WARNING: [XSIM 43-4127] File "C:/Users/sanat/AI_Accelerator_Project/Github/AI-Inference-Accelerator-SoC/rtl/accel/reduction/reduction_accelerator.sv" Line 521 : The "System Verilog Cover" is not supported yet for simulation. The statement will be ignored.
WARNING: [XSIM 43-4127] File "C:/Users/sanat/AI_Accelerator_Project/Github/AI-Inference-Accelerator-SoC/rtl/accel/reduction/reduction_accelerator.sv" Line 524 : The "System Verilog Cover" is not supported yet for simulation. The statement will be ignored.
WARNING: [XSIM 43-4127] File "C:/Users/sanat/AI_Accelerator_Project/Github/AI-Inference-Accelerator-SoC/rtl/accel/reduction/reduction_accelerator.sv" Line 527 : The "System Verilog Cover" is not supported yet for simulation. The statement will be ignored.
WARNING: [XSIM 43-4127] File "C:/Users/sanat/AI_Accelerator_Project/Github/AI-Inference-Accelerator-SoC/rtl/accel/reduction/reduction_accelerator.sv" Line 529 : The "System Verilog Cover" is not supported yet for simulation. The statement will be ignored.
WARNING: [XSIM 43-4127] File "C:/Users/sanat/AI_Accelerator_Project/Github/AI-Inference-Accelerator-SoC/rtl/accel/reduction/reduction_accelerator.sv" Line 532 : The "System Verilog Cover" is not supported yet for simulation. The statement will be ignored.
WARNING: [XSIM 43-4127] File "C:/Users/sanat/AI_Accelerator_Project/Github/AI-Inference-Accelerator-SoC/rtl/accel/reduction/reduction_accelerator.sv" Line 535 : The "System Verilog Cover" is not supported yet for simulation. The statement will be ignored.
Starting simulation data flow analysis
Completed simulation data flow analysis
Time Resolution for simulation is 1ps
Compiling package work.soc_pkg
Compiling package work.accel_pkg
Compiling package work.reg_pkg
Compiling module work.mem_if_default
Compiling module work.axil_if_default
Compiling module work.stream_if_default
Compiling module work.irq_if_default
Compiling module work.cmd_if_default
Compiling module work.protocol_compile_top
Compiling module work.reduction_accelerator(DATA_WIDTH...
Compiling module work.reduction_test_top_default
Compiling module work.artifact_reduction_tb
Built simulation snapshot artifact_reduction_tb
